<?xml version="1.0" encoding="UTF-8"?>
<!-- Generated by org.testng.reporters.JUnitReportReporter -->
<testsuite hostname="LAPTOP-96CA17I7" failures="0" tests="1" name="TestPackage.E2EFramework.TestCase1" time="26.203" errors="0" timestamp="1 Mar 2020 13:41:31 GMT">
  <testcase classname="TestPackage.E2EFramework.TestCase1" name="HomePage" time="26.203"/>
</testsuite> <!-- TestPackage.E2EFramework.TestCase1 -->
