<?xml version="1.0" encoding="UTF-8"?>
<!-- Generated by org.testng.reporters.JUnitReportReporter -->
<testsuite hostname="LAPTOP-96CA17I7" failures="0" tests="1" name="TestPackage.E2EFramework.ValidateCancleBooking" time="6.483" errors="0" timestamp="2020-06-17T12:57:25 IST" skipped="0">
  <testcase classname="TestPackage.E2EFramework.ValidateCancleBooking" name="ValidateLogin" time="6.483"/>
</testsuite> <!-- TestPackage.E2EFramework.ValidateCancleBooking -->
