<?xml version="1.0" encoding="UTF-8"?>
<!-- Generated by org.testng.reporters.JUnitReportReporter -->
<testsuite hostname="LAPTOP-96CA17I7" failures="0" tests="1" name="TestPackage.E2EFramework.ValidateRules" time="16.386" errors="0" timestamp="2020-06-17T12:57:25 IST" skipped="0">
  <testcase classname="TestPackage.E2EFramework.ValidateRules" name="ValidateLogin" time="16.386"/>
</testsuite> <!-- TestPackage.E2EFramework.ValidateRules -->
